#-----------------------------------------------------------
# Vivado v2019.1 (64-bit)
# SW Build 2552052 on Fri May 24 14:49:42 MDT 2019
# IP Build 2548770 on Fri May 24 18:01:18 MDT 2019
# Start of session at: Tue Jan  7 13:10:21 2025
# Process ID: 10700
# Current directory: C:/Users/dvlsi/Documents/CDAC PROJECT/xilinx_vivado/Digital_Design_of_Floating_Point_Unit_Arithmetics/xilinx vivado files
# Command line: vivado.exe -gui_launcher_event rodinguilauncherevent2180 C:\Users\dvlsi\Documents\CDAC PROJECT\xilinx_vivado\Digital_Design_of_Floating_Point_Unit_Arithmetics\xilinx vivado files\xilinx vivado files.xpr
# Log file: C:/Users/dvlsi/Documents/CDAC PROJECT/xilinx_vivado/Digital_Design_of_Floating_Point_Unit_Arithmetics/xilinx vivado files/vivado.log
# Journal file: C:/Users/dvlsi/Documents/CDAC PROJECT/xilinx_vivado/Digital_Design_of_Floating_Point_Unit_Arithmetics/xilinx vivado files\vivado.jou
#-----------------------------------------------------------
start_gui
open_project {C:/Users/dvlsi/Documents/CDAC PROJECT/xilinx_vivado/Digital_Design_of_Floating_Point_Unit_Arithmetics/xilinx vivado files/xilinx vivado files.xpr}
INFO: [ProjectBase 1-489] The host OS only allows 260 characters in a normal path. The project is stored in a path with more than 80 characters. If you experience issues with IP, Block Designs, or files not being found, please consider moving the project to a location with a shorter path. Alternately consider using the OS subst command to map part of the path to a drive letter.
Current project path is 'C:/Users/dvlsi/Documents/CDAC PROJECT/xilinx_vivado/Digital_Design_of_Floating_Point_Unit_Arithmetics/xilinx vivado files'
Scanning sources...
Finished scanning sources
INFO: [IP_Flow 19-234] Refreshing IP repositories
INFO: [IP_Flow 19-1704] No user IP repositories specified
INFO: [IP_Flow 19-2313] Loaded Vivado IP repository 'C:/Xilinx/Vivado/2019.1/data/ip'.
update_compile_order -fileset sources_1
exit
INFO: [Common 17-206] Exiting Vivado at Wed Jan  8 10:08:26 2025...
